<?xml version="1.0" encoding="UTF-8"?>
<testng-results ignored="0" total="1" passed="1" failed="0" skipped="0">
  <reporter-output>
  </reporter-output>
  <suite started-at="2025-03-23T17:15:36 IST" name="Default suite" finished-at="2025-03-23T17:15:55 IST" duration-ms="19452">
    <groups>
    </groups>
    <test started-at="2025-03-23T17:15:36 IST" name="Default test" finished-at="2025-03-23T17:15:55 IST" duration-ms="19452">
      <class name="internetHerokuApp.Handling_KeyPresses">
        <test-method is-config="true" signature="setUp()[pri:0, instance:internetHerokuApp.Handling_KeyPresses@3754a4bf]" started-at="2025-03-23T17:15:36 IST" name="setUp" finished-at="2025-03-23T17:15:54 IST" duration-ms="18083" status="PASS">
          <reporter-output>
          </reporter-output>
        </test-method> <!-- setUp -->
        <test-method signature="keyPresses()[pri:0, instance:internetHerokuApp.Handling_KeyPresses@3754a4bf]" started-at="2025-03-23T17:15:54 IST" name="keyPresses" finished-at="2025-03-23T17:15:55 IST" duration-ms="893" status="PASS">
          <reporter-output>
          </reporter-output>
        </test-method> <!-- keyPresses -->
        <test-method is-config="true" signature="tearDown()[pri:0, instance:internetHerokuApp.Handling_KeyPresses@3754a4bf]" started-at="2025-03-23T17:15:55 IST" name="tearDown" finished-at="2025-03-23T17:15:55 IST" duration-ms="392" status="PASS">
          <reporter-output>
          </reporter-output>
        </test-method> <!-- tearDown -->
      </class> <!-- internetHerokuApp.Handling_KeyPresses -->
    </test> <!-- Default test -->
  </suite> <!-- Default suite -->
</testng-results>
