<?xml version="1.0" encoding="UTF-8"?>
<testng-results ignored="0" total="1" passed="1" failed="0" skipped="0">
  <reporter-output>
  </reporter-output>
  <suite started-at="2025-07-23T21:53:27 IST" name="Default suite" finished-at="2025-07-23T21:53:43 IST" duration-ms="16110">
    <groups>
    </groups>
    <test started-at="2025-07-23T21:53:27 IST" name="Default test" finished-at="2025-07-23T21:53:43 IST" duration-ms="16110">
      <class name="seleniumDev.HandlingKeyBoard_Shortcuts">
        <test-method is-config="true" signature="setUp()[pri:0, instance:seleniumDev.HandlingKeyBoard_Shortcuts@62379589]" started-at="2025-07-23T21:53:27 IST" name="setUp" finished-at="2025-07-23T21:53:28 IST" duration-ms="1769" status="PASS">
          <reporter-output>
          </reporter-output>
        </test-method> <!-- setUp -->
        <test-method signature="keyBoardShortCuts()[pri:0, instance:seleniumDev.HandlingKeyBoard_Shortcuts@62379589]" started-at="2025-07-23T21:53:28 IST" name="keyBoardShortCuts" finished-at="2025-07-23T21:53:43 IST" duration-ms="14106" status="PASS">
          <reporter-output>
          </reporter-output>
        </test-method> <!-- keyBoardShortCuts -->
        <test-method is-config="true" signature="tearDown()[pri:0, instance:seleniumDev.HandlingKeyBoard_Shortcuts@62379589]" started-at="2025-07-23T21:53:43 IST" name="tearDown" finished-at="2025-07-23T21:53:43 IST" duration-ms="201" status="PASS">
          <reporter-output>
          </reporter-output>
        </test-method> <!-- tearDown -->
      </class> <!-- seleniumDev.HandlingKeyBoard_Shortcuts -->
    </test> <!-- Default test -->
  </suite> <!-- Default suite -->
</testng-results>
